UIGoogleMaps/app/build/intermediates/manifest_merge_blame_file/debug/manifest-merger-blame-debug-report.txt
1<?xml version="1.0" encoding="utf-8"?>
2<manifest xmlns:android="http://schemas.android.com/apk/res/android"
3    package="course.examples.ui.mapview"
4    android:versionCode="1"
5    android:versionName="1.0" >
6
7    <uses-sdk
8        android:minSdkVersion="21"
8-->src\main\AndroidManifest.xml
9        android:targetSdkVersion="29" />
9-->src\main\AndroidManifest.xml
10
11    <!-- Include required permissions for Google Maps API to run. -->
12    <uses-permission android:name="android.permission.ACCESS_NETWORK_STATE" />
12-->[com.google.android.gms:play-services-maps:10.2.0] AndroidManifest.xml:19:5-78
12-->[com.google.android.gms:play-services-maps:10.2.0] AndroidManifest.xml:19:22-76
13    <uses-permission android:name="android.permission.INTERNET" />
13-->[com.google.android.gms:play-services-maps:10.2.0] AndroidManifest.xml:20:5-66
13-->[com.google.android.gms:play-services-maps:10.2.0] AndroidManifest.xml:20:22-64
14
15    <uses-feature
15-->[com.google.android.gms:play-services-maps:10.2.0] AndroidManifest.xml:21:5-77
16        android:glEsVersion="0x00020000"
16-->[com.google.android.gms:play-services-maps:10.2.0] AndroidManifest.xml:21:19-51
17        android:required="true" />
17-->[com.google.android.gms:play-services-maps:10.2.0] AndroidManifest.xml:21:52-75
18
19    <application
19-->src\main\AndroidManifest.xml:7:5-30:19
20        android:allowBackup="true"
20-->src\main\AndroidManifest.xml:8:9-35
21        android:debuggable="true"
22        android:icon="@mipmap/ic_launcher"
22-->src\main\AndroidManifest.xml:9:9-43
23        android:label="@string/app_name"
23-->src\main\AndroidManifest.xml:10:9-41
24        android:testOnly="true" >
25        <meta-data
25-->src\main\AndroidManifest.xml:12:9-14:55
26            android:name="com.google.android.geo.API_KEY"
26-->src\main\AndroidManifest.xml:13:13-58
27            android:value="@string/google_maps_key" />
27-->src\main\AndroidManifest.xml:14:13-52
28        <meta-data
28-->src\main\AndroidManifest.xml:16:9-18:69
29            android:name="com.google.android.gms.version"
29-->src\main\AndroidManifest.xml:17:13-58
30            android:value="@integer/google_play_services_version" />
30-->src\main\AndroidManifest.xml:18:13-66
31
32        <activity
32-->src\main\AndroidManifest.xml:20:9-29:20
33            android:name="course.examples.ui.mapview.GoogleMapActivity"
33-->src\main\AndroidManifest.xml:21:13-72
34            android:label="@string/app_name"
34-->src\main\AndroidManifest.xml:22:13-45
35            android:theme="@style/MaterialTheme" >
35-->src\main\AndroidManifest.xml:23:13-49
36            <intent-filter>
36-->src\main\AndroidManifest.xml:24:13-28:29
37                <action android:name="android.intent.action.MAIN" />
37-->src\main\AndroidManifest.xml:25:17-69
37-->src\main\AndroidManifest.xml:25:25-66
38
39                <category android:name="android.intent.category.LAUNCHER" />
39-->src\main\AndroidManifest.xml:27:17-77
39-->src\main\AndroidManifest.xml:27:27-74
40            </intent-filter>
41        </activity>
42        <activity
42-->[com.google.android.gms:play-services-base:10.2.0] AndroidManifest.xml:19:9-172
43            android:name="com.google.android.gms.common.api.GoogleApiActivity"
43-->[com.google.android.gms:play-services-base:10.2.0] AndroidManifest.xml:19:19-85
44            android:exported="false"
44-->[com.google.android.gms:play-services-base:10.2.0] AndroidManifest.xml:19:146-170
45            android:theme="@android:style/Theme.Translucent.NoTitleBar" />
45-->[com.google.android.gms:play-services-base:10.2.0] AndroidManifest.xml:19:86-145
46    </application>
47
48</manifest>